0 info it worked if it ends with ok
1 verbose cli [ '/usr/local/Cellar/node/4.2.1/bin/node',
1 verbose cli   '/usr/local/lib/node_modules/cnpm/node_modules/.bin/npm',
1 verbose cli   '--userconfig=/Users/xlong/.cnpmrc',
1 verbose cli   '--disturl=https://npm.taobao.org/mirrors/node',
1 verbose cli   '--cache=/Users/xlong/.cnpm',
1 verbose cli   '--registry=https://registry.npm.taobao.org',
1 verbose cli   '--node-gyp=/usr/local/lib/node_modules/cnpm/node_modules/node-gyp/bin/node-gyp.js',
1 verbose cli   'install',
1 verbose cli   '-g',
1 verbose cli   'ionic' ]
2 info using npm@2.14.14
3 info using node@v4.2.1
4 verbose install initial load of /usr/local/Cellar/node/4.2.1/lib/package.json
5 verbose readDependencies loading dependencies from /usr/local/Cellar/node/4.2.1/lib/package.json
6 silly cache add args [ 'ionic', null ]
7 verbose cache add spec ionic
8 silly cache add parsed spec Result {
8 silly cache add   raw: 'ionic',
8 silly cache add   scope: null,
8 silly cache add   name: 'ionic',
8 silly cache add   rawSpec: '',
8 silly cache add   spec: 'latest',
8 silly cache add   type: 'tag' }
9 silly addNamed ionic@latest
10 verbose addNamed "latest" is being treated as a dist-tag for ionic
11 info addNameTag [ 'ionic', 'latest' ]
12 silly mapToRegistry name ionic
13 silly mapToRegistry using default registry
14 silly mapToRegistry registry https://registry.npm.taobao.org/
15 silly mapToRegistry uri https://registry.npm.taobao.org/ionic
16 verbose addNameTag registry:https://registry.npm.taobao.org/ionic not in flight; fetching
17 verbose request uri https://registry.npm.taobao.org/ionic
18 verbose request no auth needed
19 info attempt registry request try #1 at 10:16:48 AM
20 verbose request id c2da3d1b76cbc25d
21 verbose etag "aad02-WZ646u03/phUuC1x3/Evpg"
22 http request GET https://registry.npm.taobao.org/ionic
23 http 200 https://registry.npm.taobao.org/ionic
24 verbose headers { date: 'Mon, 14 Mar 2016 02:16:37 GMT',
24 verbose headers   'content-type': 'application/json; charset=utf-8',
24 verbose headers   'content-length': '737642',
24 verbose headers   connection: 'keep-alive',
24 verbose headers   etag: '"b416a-v9rQUuoX6F65o92RN/QaFQ"',
24 verbose headers   'x-readtime': '1636' }
25 silly get cb [ 200,
25 silly get   { date: 'Mon, 14 Mar 2016 02:16:37 GMT',
25 silly get     'content-type': 'application/json; charset=utf-8',
25 silly get     'content-length': '737642',
25 silly get     connection: 'keep-alive',
25 silly get     etag: '"b416a-v9rQUuoX6F65o92RN/QaFQ"',
25 silly get     'x-readtime': '1636' } ]
26 verbose get saving ionic to /Users/xlong/.cnpm/registry.npm.taobao.org/ionic/.cache.json
27 silly addNameTag next cb for ionic with tag latest
28 silly addNamed ionic@1.7.14
29 verbose addNamed "1.7.14" is a plain semver version for ionic
30 silly mapToRegistry name ionic
31 silly mapToRegistry using default registry
32 silly mapToRegistry registry https://registry.npm.taobao.org/
33 silly mapToRegistry uri https://registry.npm.taobao.org/ionic
34 verbose addRemoteTarball https://registry.npm.taobao.org/ionic/download/ionic-1.7.14.tgz not in flight; adding
35 verbose addRemoteTarball [ 'https://registry.npm.taobao.org/ionic/download/ionic-1.7.14.tgz',
35 verbose addRemoteTarball   'af493d5df4688d917d778b0934d1739b9be6efe6' ]
36 info retry fetch attempt 1 at 10:16:53 AM
37 info attempt registry request try #1 at 10:16:53 AM
38 http fetch GET https://registry.npm.taobao.org/ionic/download/ionic-1.7.14.tgz
39 http fetch 200 https://registry.npm.taobao.org/ionic/download/ionic-1.7.14.tgz
40 silly fetchAndShaCheck shasum af493d5df4688d917d778b0934d1739b9be6efe6
41 verbose addTmpTarball /var/folders/5c/qlr4t_ls6fl6cc564k_tj0040000gn/T/npm-95684-e582300d/registry.npm.taobao.org/ionic/download/ionic-1.7.14.tgz not in flight; adding
42 verbose addTmpTarball already have metadata; skipping unpack for ionic@1.7.14
43 silly cache afterAdd ionic@1.7.14
44 verbose afterAdd /Users/xlong/.cnpm/ionic/1.7.14/package/package.json not in flight; writing
45 verbose afterAdd /Users/xlong/.cnpm/ionic/1.7.14/package/package.json written
46 silly install resolved [ { name: 'ionic',
46 silly install resolved     version: '1.7.14',
46 silly install resolved     preferGlobal: true,
46 silly install resolved     description: 'A tool for creating and developing Ionic Framework mobile apps.',
46 silly install resolved     homepage: 'http://ionicframework.com/',
46 silly install resolved     bin: { ionic: 'bin/ionic' },
46 silly install resolved     scripts:
46 silly install resolved      { bump: 'node lib/tasks/bumpversion',
46 silly install resolved        'beta-bump': 'node lib/tasks/bumpversion --level pre --identifier beta',
46 silly install resolved        'publish-release': 'node lib/tasks/bumpversion --npmPublish',
46 silly install resolved        'publish-tag': 'node lib/tasks/bumpversion --level beta --npmPublishTag',
46 silly install resolved        'full-release': 'node lib/tasks/bumpversion --npmInstall --git --npmPublish',
46 silly install resolved        test: 'npm run jasmine',
46 silly install resolved        e2e: 'jasmine-node --captureExceptions ./e2e',
46 silly install resolved        jasmine: 'jasmine-node --captureExceptions  ./spec' },
46 silly install resolved     keywords:
46 silly install resolved      [ 'ionic',
46 silly install resolved        'ionic framework',
46 silly install resolved        'ionicframework',
46 silly install resolved        'mobile',
46 silly install resolved        'app',
46 silly install resolved        'hybrid',
46 silly install resolved        'cordova',
46 silly install resolved        'phonegap' ],
46 silly install resolved     repository:
46 silly install resolved      { type: 'git',
46 silly install resolved        url: 'git+https://github.com/driftyco/ionic-cli.git' },
46 silly install resolved     contributors: [ [Object], [Object], [Object], [Object] ],
46 silly install resolved     license: 'MIT',
46 silly install resolved     dependencies:
46 silly install resolved      { async: '^0.9.0',
46 silly install resolved        cheerio: '^0.19.0',
46 silly install resolved        'cli-table': '^0.3.1',
46 silly install resolved        colors: '0.6.2',
46 silly install resolved        connect: '3.1.1',
46 silly install resolved        'connect-livereload': '0.5.2',
46 silly install resolved        crc: '3.2.1',
46 silly install resolved        'cross-spawn': '0.2.3',
46 silly install resolved        'event-stream': '3.0.x',
46 silly install resolved        'expand-tilde': '^1.2.0',
46 silly install resolved        finalhandler: '0.2.0',
46 silly install resolved        'form-data': '0.1.4',
46 silly install resolved        gulp: '3.8.8',
46 silly install resolved        'ionic-app-lib': '0.7.0',
46 silly install resolved        moment: '^2.10.6',
46 silly install resolved        ncp: '0.4.2',
46 silly install resolved        npm: '2.1.3',
46 silly install resolved        open: '0.0.5',
46 silly install resolved        optimist: '0.6.0',
46 silly install resolved        progress: '1.1.7',
46 silly install resolved        prompt: '0.2.12',
46 silly install resolved        'proxy-middleware': '^0.7.0',
46 silly install resolved        q: '1.0.1',
46 silly install resolved        request: '2.51.0',
46 silly install resolved        semver: '^4.2.0',
46 silly install resolved        'serve-static': '1.7.1',
46 silly install resolved        shelljs: '0.2.6',
46 silly install resolved        'tiny-lr-fork': '0.0.5',
46 silly install resolved        underscore: '~1.7.0',
46 silly install resolved        unzip: '0.1.9',
46 silly install resolved        'vinyl-fs': '0.3.7',
46 silly install resolved        xml2js: '0.4.4' },
46 silly install resolved     devDependencies: { 'jasmine-node': '^1.14.5', rewire: '^2.3.4' },
46 silly install resolved     gitHead: '5b03fedea11144cebd15a374c14c48252a318723',
46 silly install resolved     bugs: { url: 'https://github.com/driftyco/ionic-cli/issues' },
46 silly install resolved     bundleDependencies:
46 silly install resolved      [ 'async',
46 silly install resolved        'cheerio',
46 silly install resolved        'cli-table',
46 silly install resolved        'colors',
46 silly install resolved        'connect',
46 silly install resolved        'connect-livereload',
46 silly install resolved        'crc',
46 silly install resolved        'cross-spawn',
46 silly install resolved        'event-stream',
46 silly install resolved        'expand-tilde',
46 silly install resolved        'finalhandler',
46 silly install resolved        'form-data',
46 silly install resolved        'gulp',
46 silly install resolved        'ionic-app-lib',
46 silly install resolved        'moment',
46 silly install resolved        'ncp',
46 silly install resolved        'npm',
46 silly install resolved        'open',
46 silly install resolved        'optimist',
46 silly install resolved        'progress',
46 silly install resolved        'prompt',
46 silly install resolved        'proxy-middleware',
46 silly install resolved        'q',
46 silly install resolved        'request',
46 silly install resolved        'semver',
46 silly install resolved        'serve-static',
46 silly install resolved        'shelljs',
46 silly install resolved        'tiny-lr-fork',
46 silly install resolved        'underscore',
46 silly install resolved        'unzip',
46 silly install resolved        'vinyl-fs',
46 silly install resolved        'xml2js' ],
46 silly install resolved     _id: 'ionic@1.7.14',
46 silly install resolved     _shasum: 'af493d5df4688d917d778b0934d1739b9be6efe6',
46 silly install resolved     _from: 'ionic@latest',
46 silly install resolved     _npmVersion: '3.3.12',
46 silly install resolved     _nodeVersion: '5.1.0',
46 silly install resolved     _npmUser: { name: 'dwieeb', email: 'dwieeb@gmail.com' },
46 silly install resolved     dist:
46 silly install resolved      { shasum: 'af493d5df4688d917d778b0934d1739b9be6efe6',
46 silly install resolved        size: 26842945,
46 silly install resolved        noattachment: false,
46 silly install resolved        tarball: 'http://registry.npm.taobao.org/ionic/download/ionic-1.7.14.tgz' },
46 silly install resolved     maintainers: [ [Object], [Object], [Object], [Object], [Object] ],
46 silly install resolved     _npmOperationalInternal:
46 silly install resolved      { host: 'packages-9-west.internal.npmjs.com',
46 silly install resolved        tmp: 'tmp/ionic-1.7.14.tgz_1454368560204_0.25241430499590933' },
46 silly install resolved     directories: {},
46 silly install resolved     publish_time: 1454368569412,
46 silly install resolved     _cnpm_publish_time: 1454368569412,
46 silly install resolved     _resolved: 'https://registry.npm.taobao.org/ionic/download/ionic-1.7.14.tgz' } ]
47 info install ionic@1.7.14 into /usr/local/Cellar/node/4.2.1/lib
48 info installOne ionic@1.7.14
49 verbose installOne of ionic to /usr/local/Cellar/node/4.2.1/lib not in flight; installing
50 verbose lock using /Users/xlong/.cnpm/_locks/ionic-195b3562991d7676.lock for /usr/local/Cellar/node/4.2.1/lib/node_modules/ionic
51 silly install write writing ionic 1.7.14 to /usr/local/Cellar/node/4.2.1/lib/node_modules/ionic
52 verbose unbuild lib/node_modules/ionic
53 info preuninstall ionic@1.7.11
54 info uninstall ionic@1.7.11
55 verbose unbuild rmStuff ionic@1.7.11 from /usr/local/Cellar/node/4.2.1/lib/node_modules
56 silly gentlyRm /usr/local/Cellar/node/4.2.1/bin/ionic is being gently removed
57 silly gentlyRm verifying /usr/local/Cellar/node/4.2.1 is an npm working directory
58 silly gentlyRm containing path /usr/local/Cellar/node/4.2.1 is under npm's control, in /usr/local/Cellar/node/4.2.1
59 silly gentlyRm deletion target /usr/local/Cellar/node/4.2.1/bin/ionic is under /usr/local/Cellar/node/4.2.1
60 verbose gentlyRm vacuuming from /usr/local/Cellar/node/4.2.1/bin/ionic up to /usr/local/Cellar/node/4.2.1
61 silly vacuum-fs removing /usr/local/Cellar/node/4.2.1/bin/ionic
62 silly vacuum-fs quitting because other entries in /usr/local/Cellar/node/4.2.1/bin
63 info postuninstall ionic@1.7.11
64 silly gentlyRm /usr/local/Cellar/node/4.2.1/lib/node_modules/ionic is being purged from base /usr/local/Cellar/node/4.2.1
65 verbose gentlyRm don't care about contents; nuking /usr/local/Cellar/node/4.2.1/lib/node_modules/ionic
66 silly vacuum-fs purging /usr/local/Cellar/node/4.2.1/lib/node_modules/ionic
67 verbose unlock done using /Users/xlong/.cnpm/_locks/ionic-195b3562991d7676.lock for /usr/local/Cellar/node/4.2.1/lib/node_modules/ionic
68 verbose stack Error: EACCES: permission denied, rmdir '/usr/local/Cellar/node/4.2.1/lib/node_modules/ionic'
68 verbose stack     at Error (native)
69 verbose cwd /Users/xlong/ionic/ionic_doctor
70 error Darwin 14.5.0
71 error argv "/usr/local/Cellar/node/4.2.1/bin/node" "/usr/local/lib/node_modules/cnpm/node_modules/.bin/npm" "--userconfig=/Users/xlong/.cnpmrc" "--disturl=https://npm.taobao.org/mirrors/node" "--cache=/Users/xlong/.cnpm" "--registry=https://registry.npm.taobao.org" "--node-gyp=/usr/local/lib/node_modules/cnpm/node_modules/node-gyp/bin/node-gyp.js" "install" "-g" "ionic"
72 error node v4.2.1
73 error npm  v2.14.14
74 error path /usr/local/Cellar/node/4.2.1/lib/node_modules/ionic
75 error code EACCES
76 error errno -13
77 error syscall rmdir
78 error Error: EACCES: permission denied, rmdir '/usr/local/Cellar/node/4.2.1/lib/node_modules/ionic'
78 error     at Error (native)
78 error  { [Error: EACCES: permission denied, rmdir '/usr/local/Cellar/node/4.2.1/lib/node_modules/ionic']
78 error   errno: -13,
78 error   code: 'EACCES',
78 error   syscall: 'rmdir',
78 error   path: '/usr/local/Cellar/node/4.2.1/lib/node_modules/ionic' }
79 error Please try running this command again as root/Administrator.
80 verbose exit [ -13, true ]
81 verbose unbuild lib/node_modules/ionic
82 info preuninstall ionic@1.7.11
83 info uninstall ionic@1.7.11
84 verbose unbuild rmStuff ionic@1.7.11 from /usr/local/Cellar/node/4.2.1/lib/node_modules
85 silly gentlyRm /usr/local/Cellar/node/4.2.1/bin/ionic is being gently removed
86 silly gentlyRm verifying /usr/local/Cellar/node/4.2.1 is an npm working directory
87 silly gentlyRm containing path /usr/local/Cellar/node/4.2.1 is under npm's control, in /usr/local/Cellar/node/4.2.1
88 silly gentlyRm deletion target /usr/local/Cellar/node/4.2.1/bin/ionic is under /usr/local/Cellar/node/4.2.1
89 verbose gentlyRm vacuuming from /usr/local/Cellar/node/4.2.1/bin/ionic up to /usr/local/Cellar/node/4.2.1
90 info postuninstall ionic@1.7.11
91 silly gentlyRm /usr/local/Cellar/node/4.2.1/lib/node_modules/ionic is being purged from base /usr/local/Cellar/node/4.2.1
92 verbose gentlyRm don't care about contents; nuking /usr/local/Cellar/node/4.2.1/lib/node_modules/ionic
93 silly vacuum-fs purging /usr/local/Cellar/node/4.2.1/lib/node_modules/ionic
94 error error rolling back Error: EACCES: permission denied, rmdir '/usr/local/Cellar/node/4.2.1/lib/node_modules/ionic'
94 error error rolling back     at Error (native)
94 error error rolling back  { [Error: EACCES: permission denied, rmdir '/usr/local/Cellar/node/4.2.1/lib/node_modules/ionic']
94 error error rolling back   errno: -13,
94 error error rolling back   code: 'EACCES',
94 error error rolling back   syscall: 'rmdir',
94 error error rolling back   path: '/usr/local/Cellar/node/4.2.1/lib/node_modules/ionic' }
